ERROR - 2022-03-26 07:07:41 --> Invalid default value for 'date_added'
ERROR - 2022-03-26 07:07:41 --> Invalid default value for 'date_added'
ERROR - 2022-03-26 07:10:20 --> Invalid default value for 'date_added'
ERROR - 2022-03-26 07:10:20 --> Invalid default value for 'date_added'
ERROR - 2022-03-26 07:10:52 --> Table 'users' already exists
ERROR - 2022-03-26 07:10:52 --> Table 'categories' already exists
ERROR - 2022-03-26 07:10:52 --> Invalid default value for 'date_added'
ERROR - 2022-03-26 07:10:53 --> Invalid default value for 'date_added'
ERROR - 2022-03-26 07:11:45 --> Table 'users' already exists
ERROR - 2022-03-26 07:11:45 --> Table 'categories' already exists
ERROR - 2022-03-26 07:11:45 --> Invalid default value for 'date_added'
ERROR - 2022-03-26 07:12:43 --> Table 'users' already exists
ERROR - 2022-03-26 07:12:43 --> Table 'categories' already exists
ERROR - 2022-03-26 07:12:44 --> Invalid default value for 'date_added'
ERROR - 2022-03-26 07:13:50 --> Table 'users' already exists
ERROR - 2022-03-26 07:13:50 --> Table 'categories' already exists
ERROR - 2022-03-26 07:13:50 --> Invalid default value for 'date_added'
ERROR - 2022-03-26 07:13:50 --> Invalid default value for 'date_added'
ERROR - 2022-03-26 07:14:27 --> Table 'users' already exists
ERROR - 2022-03-26 07:14:27 --> Table 'categories' already exists
ERROR - 2022-03-26 07:14:28 --> Invalid default value for 'date_added'
ERROR - 2022-03-26 07:22:36 --> Table 'users' already exists
ERROR - 2022-03-26 07:22:37 --> Table 'categories' already exists
ERROR - 2022-03-26 07:22:37 --> Invalid default value for 'date_added'
ERROR - 2022-03-26 07:22:37 --> Invalid default value for 'date_added'
ERROR - 2022-03-26 07:24:31 --> Table 'users' already exists
ERROR - 2022-03-26 07:25:15 --> Invalid default value for 'date_added'
ERROR - 2022-03-26 07:26:47 --> Invalid default value for 'date_added'
ERROR - 2022-03-26 07:27:12 --> Invalid default value for 'date_added'
CRITICAL - 2022-03-26 16:37:20 --> Invalid file: index.php
#0 C:\xampp\htdocs\Codeigniter Projects\sales-management\system\View\View.php(198): CodeIgniter\Exceptions\FrameworkException::forInvalidFile('index.php')
#1 C:\xampp\htdocs\Codeigniter Projects\sales-management\system\Common.php(1097): CodeIgniter\View\View->render('index', Array, true)
#2 C:\xampp\htdocs\Codeigniter Projects\sales-management\app\Controllers\Home.php(9): view('index')
#3 C:\xampp\htdocs\Codeigniter Projects\sales-management\system\CodeIgniter.php(824): App\Controllers\Home->index()
#4 C:\xampp\htdocs\Codeigniter Projects\sales-management\system\CodeIgniter.php(410): CodeIgniter\CodeIgniter->runController(Object(App\Controllers\Home))
#5 C:\xampp\htdocs\Codeigniter Projects\sales-management\system\CodeIgniter.php(318): CodeIgniter\CodeIgniter->handleRequest(NULL, Object(Config\Cache), false)
#6 C:\xampp\htdocs\Codeigniter Projects\sales-management\public\index.php(37): CodeIgniter\CodeIgniter->run()
#7 C:\xampp\htdocs\Codeigniter Projects\sales-management\system\Commands\Server\rewrite.php(43): require_once('C:\\xampp\\htdocs...')
#8 {main}
CRITICAL - 2022-03-26 21:20:13 --> syntax error, unexpected token "}", expecting "("
#0 C:\xampp\htdocs\Codeigniter Projects\sales-management\system\Autoloader\Autoloader.php(241): CodeIgniter\Autoloader\Autoloader->includeFile('C:\\xampp\\htdocs...')
#1 C:\xampp\htdocs\Codeigniter Projects\sales-management\system\Autoloader\Autoloader.php(219): CodeIgniter\Autoloader\Autoloader->loadInNamespace('App\\Models\\User')
#2 [internal function]: CodeIgniter\Autoloader\Autoloader->loadClass('App\\Models\\User')
#3 C:\xampp\htdocs\Codeigniter Projects\sales-management\system\Config\Factories.php(136): class_exists('App\\Models\\User')
#4 C:\xampp\htdocs\Codeigniter Projects\sales-management\system\Config\Factories.php(106): CodeIgniter\Config\Factories::locateClass(Array, 'App\\Models\\User')
#5 C:\xampp\htdocs\Codeigniter Projects\sales-management\system\Common.php(783): CodeIgniter\Config\Factories::__callStatic('models', Array)
#6 C:\xampp\htdocs\Codeigniter Projects\sales-management\app\Controllers\Auth.php(11): model('App\\Models\\User')
#7 C:\xampp\htdocs\Codeigniter Projects\sales-management\system\CodeIgniter.php(801): App\Controllers\Auth->__construct()
#8 C:\xampp\htdocs\Codeigniter Projects\sales-management\system\CodeIgniter.php(401): CodeIgniter\CodeIgniter->createController()
#9 C:\xampp\htdocs\Codeigniter Projects\sales-management\system\CodeIgniter.php(318): CodeIgniter\CodeIgniter->handleRequest(NULL, Object(Config\Cache), false)
#10 C:\xampp\htdocs\Codeigniter Projects\sales-management\public\index.php(37): CodeIgniter\CodeIgniter->run()
#11 C:\xampp\htdocs\Codeigniter Projects\sales-management\system\Commands\Server\rewrite.php(43): require_once('C:\\xampp\\htdocs...')
#12 {main}
