CRITICAL - 2022-03-29 01:27:57 --> Undefined array key "type"
#0 C:\xampp\htdocs\Codeigniter Projects\sales-management\app\Controllers\Dashboard.php(22): CodeIgniter\Debug\Exceptions->errorHandler(2, 'Undefined array...', 'C:\\xampp\\htdocs...', 22)
#1 C:\xampp\htdocs\Codeigniter Projects\sales-management\system\CodeIgniter.php(824): App\Controllers\Dashboard->saveEntry()
#2 C:\xampp\htdocs\Codeigniter Projects\sales-management\system\CodeIgniter.php(410): CodeIgniter\CodeIgniter->runController(Object(App\Controllers\Dashboard))
#3 C:\xampp\htdocs\Codeigniter Projects\sales-management\system\CodeIgniter.php(318): CodeIgniter\CodeIgniter->handleRequest(NULL, Object(Config\Cache), false)
#4 C:\xampp\htdocs\Codeigniter Projects\sales-management\public\index.php(37): CodeIgniter\CodeIgniter->run()
#5 C:\xampp\htdocs\Codeigniter Projects\sales-management\system\Commands\Server\rewrite.php(43): require_once('C:\\xampp\\htdocs...')
#6 {main}
CRITICAL - 2022-03-29 01:28:03 --> Undefined array key "type"
#0 C:\xampp\htdocs\Codeigniter Projects\sales-management\app\Controllers\Dashboard.php(22): CodeIgniter\Debug\Exceptions->errorHandler(2, 'Undefined array...', 'C:\\xampp\\htdocs...', 22)
#1 C:\xampp\htdocs\Codeigniter Projects\sales-management\system\CodeIgniter.php(824): App\Controllers\Dashboard->saveEntry()
#2 C:\xampp\htdocs\Codeigniter Projects\sales-management\system\CodeIgniter.php(410): CodeIgniter\CodeIgniter->runController(Object(App\Controllers\Dashboard))
#3 C:\xampp\htdocs\Codeigniter Projects\sales-management\system\CodeIgniter.php(318): CodeIgniter\CodeIgniter->handleRequest(NULL, Object(Config\Cache), false)
#4 C:\xampp\htdocs\Codeigniter Projects\sales-management\public\index.php(37): CodeIgniter\CodeIgniter->run()
#5 C:\xampp\htdocs\Codeigniter Projects\sales-management\system\Commands\Server\rewrite.php(43): require_once('C:\\xampp\\htdocs...')
#6 {main}
ERROR - 2022-03-29 01:46:54 --> Cannot add or update a child row: a foreign key constraint fails (`sales-management`.`incomes`, CONSTRAINT `incomes_user_id_foreign` FOREIGN KEY (`user_id`) REFERENCES `users` (`user_id`) ON DELETE CASCADE)
CRITICAL - 2022-03-29 01:46:54 --> Cannot add or update a child row: a foreign key constraint fails (`sales-management`.`incomes`, CONSTRAINT `incomes_user_id_foreign` FOREIGN KEY (`user_id`) REFERENCES `users` (`user_id`) ON DELETE CASCADE)
#0 C:\xampp\htdocs\Codeigniter Projects\sales-management\system\Database\MySQLi\Connection.php(292): mysqli->query('INSERT INTO `in...', 0)
#1 C:\xampp\htdocs\Codeigniter Projects\sales-management\system\Database\BaseConnection.php(670): CodeIgniter\Database\MySQLi\Connection->execute('INSERT INTO `in...')
#2 C:\xampp\htdocs\Codeigniter Projects\sales-management\system\Database\BaseConnection.php(598): CodeIgniter\Database\BaseConnection->simpleQuery('INSERT INTO `in...')
#3 C:\xampp\htdocs\Codeigniter Projects\sales-management\system\Database\BaseBuilder.php(1759): CodeIgniter\Database\BaseConnection->query('INSERT INTO `in...', Array, false)
#4 C:\xampp\htdocs\Codeigniter Projects\sales-management\system\Model.php(239): CodeIgniter\Database\BaseBuilder->insert()
#5 C:\xampp\htdocs\Codeigniter Projects\sales-management\system\BaseModel.php(738): CodeIgniter\Model->doInsert(Array)
#6 C:\xampp\htdocs\Codeigniter Projects\sales-management\system\Model.php(620): CodeIgniter\BaseModel->insert(Array, false)
#7 C:\xampp\htdocs\Codeigniter Projects\sales-management\system\BaseModel.php(658): CodeIgniter\Model->insert(Array, false)
#8 C:\xampp\htdocs\Codeigniter Projects\sales-management\app\Controllers\Dashboard.php(27): CodeIgniter\BaseModel->save(Array)
#9 C:\xampp\htdocs\Codeigniter Projects\sales-management\system\CodeIgniter.php(824): App\Controllers\Dashboard->saveEntry()
#10 C:\xampp\htdocs\Codeigniter Projects\sales-management\system\CodeIgniter.php(410): CodeIgniter\CodeIgniter->runController(Object(App\Controllers\Dashboard))
#11 C:\xampp\htdocs\Codeigniter Projects\sales-management\system\CodeIgniter.php(318): CodeIgniter\CodeIgniter->handleRequest(NULL, Object(Config\Cache), false)
#12 C:\xampp\htdocs\Codeigniter Projects\sales-management\public\index.php(37): CodeIgniter\CodeIgniter->run()
#13 C:\xampp\htdocs\Codeigniter Projects\sales-management\system\Commands\Server\rewrite.php(43): require_once('C:\\xampp\\htdocs...')
#14 {main}
