CRITICAL - 2022-03-30 15:24:57 --> Undefined variable $message
#0 C:\xampp\htdocs\Codeigniter Projects\sales-management\app\Views\auth\signin.php(72): CodeIgniter\Debug\Exceptions->errorHandler(2, 'Undefined varia...', 'C:\\xampp\\htdocs...', 72)
#1 C:\xampp\htdocs\Codeigniter Projects\sales-management\system\View\View.php(214): include('C:\\xampp\\htdocs...')
#2 C:\xampp\htdocs\Codeigniter Projects\sales-management\system\View\View.php(217): CodeIgniter\View\View->CodeIgniter\View\{closure}()
#3 C:\xampp\htdocs\Codeigniter Projects\sales-management\system\Common.php(1097): CodeIgniter\View\View->render('auth/signin', Array, true)
#4 C:\xampp\htdocs\Codeigniter Projects\sales-management\app\Controllers\Home.php(9): view('auth/signin')
#5 C:\xampp\htdocs\Codeigniter Projects\sales-management\system\CodeIgniter.php(824): App\Controllers\Home->index()
#6 C:\xampp\htdocs\Codeigniter Projects\sales-management\system\CodeIgniter.php(410): CodeIgniter\CodeIgniter->runController(Object(App\Controllers\Home))
#7 C:\xampp\htdocs\Codeigniter Projects\sales-management\system\CodeIgniter.php(318): CodeIgniter\CodeIgniter->handleRequest(NULL, Object(Config\Cache), false)
#8 C:\xampp\htdocs\Codeigniter Projects\sales-management\public\index.php(37): CodeIgniter\CodeIgniter->run()
#9 C:\xampp\htdocs\Codeigniter Projects\sales-management\system\Commands\Server\rewrite.php(43): require_once('C:\\xampp\\htdocs...')
#10 {main}
CRITICAL - 2022-03-30 15:26:14 --> Undefined variable $message
#0 C:\xampp\htdocs\Codeigniter Projects\sales-management\app\Views\auth\signin.php(72): CodeIgniter\Debug\Exceptions->errorHandler(2, 'Undefined varia...', 'C:\\xampp\\htdocs...', 72)
#1 C:\xampp\htdocs\Codeigniter Projects\sales-management\system\View\View.php(214): include('C:\\xampp\\htdocs...')
#2 C:\xampp\htdocs\Codeigniter Projects\sales-management\system\View\View.php(217): CodeIgniter\View\View->CodeIgniter\View\{closure}()
#3 C:\xampp\htdocs\Codeigniter Projects\sales-management\system\Common.php(1097): CodeIgniter\View\View->render('auth/signin', Array, true)
#4 C:\xampp\htdocs\Codeigniter Projects\sales-management\app\Controllers\Home.php(9): view('auth/signin')
#5 C:\xampp\htdocs\Codeigniter Projects\sales-management\system\CodeIgniter.php(824): App\Controllers\Home->index()
#6 C:\xampp\htdocs\Codeigniter Projects\sales-management\system\CodeIgniter.php(410): CodeIgniter\CodeIgniter->runController(Object(App\Controllers\Home))
#7 C:\xampp\htdocs\Codeigniter Projects\sales-management\system\CodeIgniter.php(318): CodeIgniter\CodeIgniter->handleRequest(NULL, Object(Config\Cache), false)
#8 C:\xampp\htdocs\Codeigniter Projects\sales-management\public\index.php(37): CodeIgniter\CodeIgniter->run()
#9 C:\xampp\htdocs\Codeigniter Projects\sales-management\system\Commands\Server\rewrite.php(43): require_once('C:\\xampp\\htdocs...')
#10 {main}
CRITICAL - 2022-03-30 15:26:16 --> Undefined variable $message
#0 C:\xampp\htdocs\Codeigniter Projects\sales-management\app\Views\auth\signin.php(72): CodeIgniter\Debug\Exceptions->errorHandler(2, 'Undefined varia...', 'C:\\xampp\\htdocs...', 72)
#1 C:\xampp\htdocs\Codeigniter Projects\sales-management\system\View\View.php(214): include('C:\\xampp\\htdocs...')
#2 C:\xampp\htdocs\Codeigniter Projects\sales-management\system\View\View.php(217): CodeIgniter\View\View->CodeIgniter\View\{closure}()
#3 C:\xampp\htdocs\Codeigniter Projects\sales-management\system\Common.php(1097): CodeIgniter\View\View->render('auth/signin', Array, true)
#4 C:\xampp\htdocs\Codeigniter Projects\sales-management\app\Controllers\Home.php(9): view('auth/signin')
#5 C:\xampp\htdocs\Codeigniter Projects\sales-management\system\CodeIgniter.php(824): App\Controllers\Home->index()
#6 C:\xampp\htdocs\Codeigniter Projects\sales-management\system\CodeIgniter.php(410): CodeIgniter\CodeIgniter->runController(Object(App\Controllers\Home))
#7 C:\xampp\htdocs\Codeigniter Projects\sales-management\system\CodeIgniter.php(318): CodeIgniter\CodeIgniter->handleRequest(NULL, Object(Config\Cache), false)
#8 C:\xampp\htdocs\Codeigniter Projects\sales-management\public\index.php(37): CodeIgniter\CodeIgniter->run()
#9 C:\xampp\htdocs\Codeigniter Projects\sales-management\system\Commands\Server\rewrite.php(43): require_once('C:\\xampp\\htdocs...')
#10 {main}
CRITICAL - 2022-03-30 15:27:48 --> Undefined variable $message
#0 C:\xampp\htdocs\Codeigniter Projects\sales-management\app\Views\auth\signin.php(72): CodeIgniter\Debug\Exceptions->errorHandler(2, 'Undefined varia...', 'C:\\xampp\\htdocs...', 72)
#1 C:\xampp\htdocs\Codeigniter Projects\sales-management\system\View\View.php(214): include('C:\\xampp\\htdocs...')
#2 C:\xampp\htdocs\Codeigniter Projects\sales-management\system\View\View.php(217): CodeIgniter\View\View->CodeIgniter\View\{closure}()
#3 C:\xampp\htdocs\Codeigniter Projects\sales-management\system\Common.php(1097): CodeIgniter\View\View->render('auth/signin', Array, true)
#4 C:\xampp\htdocs\Codeigniter Projects\sales-management\app\Controllers\Home.php(9): view('auth/signin')
#5 C:\xampp\htdocs\Codeigniter Projects\sales-management\system\CodeIgniter.php(824): App\Controllers\Home->index()
#6 C:\xampp\htdocs\Codeigniter Projects\sales-management\system\CodeIgniter.php(410): CodeIgniter\CodeIgniter->runController(Object(App\Controllers\Home))
#7 C:\xampp\htdocs\Codeigniter Projects\sales-management\system\CodeIgniter.php(318): CodeIgniter\CodeIgniter->handleRequest(NULL, Object(Config\Cache), false)
#8 C:\xampp\htdocs\Codeigniter Projects\sales-management\public\index.php(37): CodeIgniter\CodeIgniter->run()
#9 C:\xampp\htdocs\Codeigniter Projects\sales-management\system\Commands\Server\rewrite.php(43): require_once('C:\\xampp\\htdocs...')
#10 {main}
CRITICAL - 2022-03-30 15:27:50 --> Undefined variable $message
#0 C:\xampp\htdocs\Codeigniter Projects\sales-management\app\Views\auth\signin.php(72): CodeIgniter\Debug\Exceptions->errorHandler(2, 'Undefined varia...', 'C:\\xampp\\htdocs...', 72)
#1 C:\xampp\htdocs\Codeigniter Projects\sales-management\system\View\View.php(214): include('C:\\xampp\\htdocs...')
#2 C:\xampp\htdocs\Codeigniter Projects\sales-management\system\View\View.php(217): CodeIgniter\View\View->CodeIgniter\View\{closure}()
#3 C:\xampp\htdocs\Codeigniter Projects\sales-management\system\Common.php(1097): CodeIgniter\View\View->render('auth/signin', Array, true)
#4 C:\xampp\htdocs\Codeigniter Projects\sales-management\app\Controllers\Home.php(9): view('auth/signin')
#5 C:\xampp\htdocs\Codeigniter Projects\sales-management\system\CodeIgniter.php(824): App\Controllers\Home->index()
#6 C:\xampp\htdocs\Codeigniter Projects\sales-management\system\CodeIgniter.php(410): CodeIgniter\CodeIgniter->runController(Object(App\Controllers\Home))
#7 C:\xampp\htdocs\Codeigniter Projects\sales-management\system\CodeIgniter.php(318): CodeIgniter\CodeIgniter->handleRequest(NULL, Object(Config\Cache), false)
#8 C:\xampp\htdocs\Codeigniter Projects\sales-management\public\index.php(37): CodeIgniter\CodeIgniter->run()
#9 C:\xampp\htdocs\Codeigniter Projects\sales-management\system\Commands\Server\rewrite.php(43): require_once('C:\\xampp\\htdocs...')
#10 {main}
CRITICAL - 2022-03-30 15:29:24 --> Undefined variable $message
#0 C:\xampp\htdocs\Codeigniter Projects\sales-management\app\Views\auth\signin.php(72): CodeIgniter\Debug\Exceptions->errorHandler(2, 'Undefined varia...', 'C:\\xampp\\htdocs...', 72)
#1 C:\xampp\htdocs\Codeigniter Projects\sales-management\system\View\View.php(214): include('C:\\xampp\\htdocs...')
#2 C:\xampp\htdocs\Codeigniter Projects\sales-management\system\View\View.php(217): CodeIgniter\View\View->CodeIgniter\View\{closure}()
#3 C:\xampp\htdocs\Codeigniter Projects\sales-management\system\Common.php(1097): CodeIgniter\View\View->render('auth/signin', Array, true)
#4 C:\xampp\htdocs\Codeigniter Projects\sales-management\app\Controllers\Home.php(9): view('auth/signin')
#5 C:\xampp\htdocs\Codeigniter Projects\sales-management\system\CodeIgniter.php(824): App\Controllers\Home->index()
#6 C:\xampp\htdocs\Codeigniter Projects\sales-management\system\CodeIgniter.php(410): CodeIgniter\CodeIgniter->runController(Object(App\Controllers\Home))
#7 C:\xampp\htdocs\Codeigniter Projects\sales-management\system\CodeIgniter.php(318): CodeIgniter\CodeIgniter->handleRequest(NULL, Object(Config\Cache), false)
#8 C:\xampp\htdocs\Codeigniter Projects\sales-management\public\index.php(37): CodeIgniter\CodeIgniter->run()
#9 C:\xampp\htdocs\Codeigniter Projects\sales-management\system\Commands\Server\rewrite.php(43): require_once('C:\\xampp\\htdocs...')
#10 {main}
CRITICAL - 2022-03-30 15:29:25 --> Undefined variable $message
#0 C:\xampp\htdocs\Codeigniter Projects\sales-management\app\Views\auth\signin.php(72): CodeIgniter\Debug\Exceptions->errorHandler(2, 'Undefined varia...', 'C:\\xampp\\htdocs...', 72)
#1 C:\xampp\htdocs\Codeigniter Projects\sales-management\system\View\View.php(214): include('C:\\xampp\\htdocs...')
#2 C:\xampp\htdocs\Codeigniter Projects\sales-management\system\View\View.php(217): CodeIgniter\View\View->CodeIgniter\View\{closure}()
#3 C:\xampp\htdocs\Codeigniter Projects\sales-management\system\Common.php(1097): CodeIgniter\View\View->render('auth/signin', Array, true)
#4 C:\xampp\htdocs\Codeigniter Projects\sales-management\app\Controllers\Home.php(9): view('auth/signin')
#5 C:\xampp\htdocs\Codeigniter Projects\sales-management\system\CodeIgniter.php(824): App\Controllers\Home->index()
#6 C:\xampp\htdocs\Codeigniter Projects\sales-management\system\CodeIgniter.php(410): CodeIgniter\CodeIgniter->runController(Object(App\Controllers\Home))
#7 C:\xampp\htdocs\Codeigniter Projects\sales-management\system\CodeIgniter.php(318): CodeIgniter\CodeIgniter->handleRequest(NULL, Object(Config\Cache), false)
#8 C:\xampp\htdocs\Codeigniter Projects\sales-management\public\index.php(37): CodeIgniter\CodeIgniter->run()
#9 C:\xampp\htdocs\Codeigniter Projects\sales-management\system\Commands\Server\rewrite.php(43): require_once('C:\\xampp\\htdocs...')
#10 {main}
CRITICAL - 2022-03-30 15:29:52 --> Undefined variable $message
#0 C:\xampp\htdocs\Codeigniter Projects\sales-management\app\Views\auth\signin.php(72): CodeIgniter\Debug\Exceptions->errorHandler(2, 'Undefined varia...', 'C:\\xampp\\htdocs...', 72)
#1 C:\xampp\htdocs\Codeigniter Projects\sales-management\system\View\View.php(214): include('C:\\xampp\\htdocs...')
#2 C:\xampp\htdocs\Codeigniter Projects\sales-management\system\View\View.php(217): CodeIgniter\View\View->CodeIgniter\View\{closure}()
#3 C:\xampp\htdocs\Codeigniter Projects\sales-management\system\Common.php(1097): CodeIgniter\View\View->render('auth/signin', Array, true)
#4 C:\xampp\htdocs\Codeigniter Projects\sales-management\app\Controllers\Home.php(9): view('auth/signin')
#5 C:\xampp\htdocs\Codeigniter Projects\sales-management\system\CodeIgniter.php(824): App\Controllers\Home->index()
#6 C:\xampp\htdocs\Codeigniter Projects\sales-management\system\CodeIgniter.php(410): CodeIgniter\CodeIgniter->runController(Object(App\Controllers\Home))
#7 C:\xampp\htdocs\Codeigniter Projects\sales-management\system\CodeIgniter.php(318): CodeIgniter\CodeIgniter->handleRequest(NULL, Object(Config\Cache), false)
#8 C:\xampp\htdocs\Codeigniter Projects\sales-management\public\index.php(37): CodeIgniter\CodeIgniter->run()
#9 C:\xampp\htdocs\Codeigniter Projects\sales-management\system\Commands\Server\rewrite.php(43): require_once('C:\\xampp\\htdocs...')
#10 {main}
CRITICAL - 2022-03-30 15:29:53 --> Undefined variable $message
#0 C:\xampp\htdocs\Codeigniter Projects\sales-management\app\Views\auth\signin.php(72): CodeIgniter\Debug\Exceptions->errorHandler(2, 'Undefined varia...', 'C:\\xampp\\htdocs...', 72)
#1 C:\xampp\htdocs\Codeigniter Projects\sales-management\system\View\View.php(214): include('C:\\xampp\\htdocs...')
#2 C:\xampp\htdocs\Codeigniter Projects\sales-management\system\View\View.php(217): CodeIgniter\View\View->CodeIgniter\View\{closure}()
#3 C:\xampp\htdocs\Codeigniter Projects\sales-management\system\Common.php(1097): CodeIgniter\View\View->render('auth/signin', Array, true)
#4 C:\xampp\htdocs\Codeigniter Projects\sales-management\app\Controllers\Home.php(9): view('auth/signin')
#5 C:\xampp\htdocs\Codeigniter Projects\sales-management\system\CodeIgniter.php(824): App\Controllers\Home->index()
#6 C:\xampp\htdocs\Codeigniter Projects\sales-management\system\CodeIgniter.php(410): CodeIgniter\CodeIgniter->runController(Object(App\Controllers\Home))
#7 C:\xampp\htdocs\Codeigniter Projects\sales-management\system\CodeIgniter.php(318): CodeIgniter\CodeIgniter->handleRequest(NULL, Object(Config\Cache), false)
#8 C:\xampp\htdocs\Codeigniter Projects\sales-management\public\index.php(37): CodeIgniter\CodeIgniter->run()
#9 C:\xampp\htdocs\Codeigniter Projects\sales-management\system\Commands\Server\rewrite.php(43): require_once('C:\\xampp\\htdocs...')
#10 {main}
CRITICAL - 2022-03-30 15:30:16 --> Undefined variable $message
#0 C:\xampp\htdocs\Codeigniter Projects\sales-management\app\Views\auth\signin.php(72): CodeIgniter\Debug\Exceptions->errorHandler(2, 'Undefined varia...', 'C:\\xampp\\htdocs...', 72)
#1 C:\xampp\htdocs\Codeigniter Projects\sales-management\system\View\View.php(214): include('C:\\xampp\\htdocs...')
#2 C:\xampp\htdocs\Codeigniter Projects\sales-management\system\View\View.php(217): CodeIgniter\View\View->CodeIgniter\View\{closure}()
#3 C:\xampp\htdocs\Codeigniter Projects\sales-management\system\Common.php(1097): CodeIgniter\View\View->render('auth/signin', Array, true)
#4 C:\xampp\htdocs\Codeigniter Projects\sales-management\app\Controllers\Home.php(9): view('auth/signin')
#5 C:\xampp\htdocs\Codeigniter Projects\sales-management\system\CodeIgniter.php(824): App\Controllers\Home->index()
#6 C:\xampp\htdocs\Codeigniter Projects\sales-management\system\CodeIgniter.php(410): CodeIgniter\CodeIgniter->runController(Object(App\Controllers\Home))
#7 C:\xampp\htdocs\Codeigniter Projects\sales-management\system\CodeIgniter.php(318): CodeIgniter\CodeIgniter->handleRequest(NULL, Object(Config\Cache), false)
#8 C:\xampp\htdocs\Codeigniter Projects\sales-management\public\index.php(37): CodeIgniter\CodeIgniter->run()
#9 C:\xampp\htdocs\Codeigniter Projects\sales-management\system\Commands\Server\rewrite.php(43): require_once('C:\\xampp\\htdocs...')
#10 {main}
CRITICAL - 2022-03-30 15:30:17 --> Undefined variable $message
#0 C:\xampp\htdocs\Codeigniter Projects\sales-management\app\Views\auth\signin.php(72): CodeIgniter\Debug\Exceptions->errorHandler(2, 'Undefined varia...', 'C:\\xampp\\htdocs...', 72)
#1 C:\xampp\htdocs\Codeigniter Projects\sales-management\system\View\View.php(214): include('C:\\xampp\\htdocs...')
#2 C:\xampp\htdocs\Codeigniter Projects\sales-management\system\View\View.php(217): CodeIgniter\View\View->CodeIgniter\View\{closure}()
#3 C:\xampp\htdocs\Codeigniter Projects\sales-management\system\Common.php(1097): CodeIgniter\View\View->render('auth/signin', Array, true)
#4 C:\xampp\htdocs\Codeigniter Projects\sales-management\app\Controllers\Home.php(9): view('auth/signin')
#5 C:\xampp\htdocs\Codeigniter Projects\sales-management\system\CodeIgniter.php(824): App\Controllers\Home->index()
#6 C:\xampp\htdocs\Codeigniter Projects\sales-management\system\CodeIgniter.php(410): CodeIgniter\CodeIgniter->runController(Object(App\Controllers\Home))
#7 C:\xampp\htdocs\Codeigniter Projects\sales-management\system\CodeIgniter.php(318): CodeIgniter\CodeIgniter->handleRequest(NULL, Object(Config\Cache), false)
#8 C:\xampp\htdocs\Codeigniter Projects\sales-management\public\index.php(37): CodeIgniter\CodeIgniter->run()
#9 C:\xampp\htdocs\Codeigniter Projects\sales-management\system\Commands\Server\rewrite.php(43): require_once('C:\\xampp\\htdocs...')
#10 {main}
CRITICAL - 2022-03-30 15:30:18 --> Undefined variable $message
#0 C:\xampp\htdocs\Codeigniter Projects\sales-management\app\Views\auth\signin.php(72): CodeIgniter\Debug\Exceptions->errorHandler(2, 'Undefined varia...', 'C:\\xampp\\htdocs...', 72)
#1 C:\xampp\htdocs\Codeigniter Projects\sales-management\system\View\View.php(214): include('C:\\xampp\\htdocs...')
#2 C:\xampp\htdocs\Codeigniter Projects\sales-management\system\View\View.php(217): CodeIgniter\View\View->CodeIgniter\View\{closure}()
#3 C:\xampp\htdocs\Codeigniter Projects\sales-management\system\Common.php(1097): CodeIgniter\View\View->render('auth/signin', Array, true)
#4 C:\xampp\htdocs\Codeigniter Projects\sales-management\app\Controllers\Home.php(9): view('auth/signin')
#5 C:\xampp\htdocs\Codeigniter Projects\sales-management\system\CodeIgniter.php(824): App\Controllers\Home->index()
#6 C:\xampp\htdocs\Codeigniter Projects\sales-management\system\CodeIgniter.php(410): CodeIgniter\CodeIgniter->runController(Object(App\Controllers\Home))
#7 C:\xampp\htdocs\Codeigniter Projects\sales-management\system\CodeIgniter.php(318): CodeIgniter\CodeIgniter->handleRequest(NULL, Object(Config\Cache), false)
#8 C:\xampp\htdocs\Codeigniter Projects\sales-management\public\index.php(37): CodeIgniter\CodeIgniter->run()
#9 C:\xampp\htdocs\Codeigniter Projects\sales-management\system\Commands\Server\rewrite.php(43): require_once('C:\\xampp\\htdocs...')
#10 {main}
CRITICAL - 2022-03-30 15:31:00 --> Undefined variable $data
#0 C:\xampp\htdocs\Codeigniter Projects\sales-management\app\Views\auth\signin.php(22): CodeIgniter\Debug\Exceptions->errorHandler(2, 'Undefined varia...', 'C:\\xampp\\htdocs...', 22)
#1 C:\xampp\htdocs\Codeigniter Projects\sales-management\system\View\View.php(214): include('C:\\xampp\\htdocs...')
#2 C:\xampp\htdocs\Codeigniter Projects\sales-management\system\View\View.php(217): CodeIgniter\View\View->CodeIgniter\View\{closure}()
#3 C:\xampp\htdocs\Codeigniter Projects\sales-management\system\Common.php(1097): CodeIgniter\View\View->render('auth/signin', Array, true)
#4 C:\xampp\htdocs\Codeigniter Projects\sales-management\app\Controllers\Home.php(9): view('auth/signin')
#5 C:\xampp\htdocs\Codeigniter Projects\sales-management\system\CodeIgniter.php(824): App\Controllers\Home->index()
#6 C:\xampp\htdocs\Codeigniter Projects\sales-management\system\CodeIgniter.php(410): CodeIgniter\CodeIgniter->runController(Object(App\Controllers\Home))
#7 C:\xampp\htdocs\Codeigniter Projects\sales-management\system\CodeIgniter.php(318): CodeIgniter\CodeIgniter->handleRequest(NULL, Object(Config\Cache), false)
#8 C:\xampp\htdocs\Codeigniter Projects\sales-management\public\index.php(37): CodeIgniter\CodeIgniter->run()
#9 C:\xampp\htdocs\Codeigniter Projects\sales-management\system\Commands\Server\rewrite.php(43): require_once('C:\\xampp\\htdocs...')
#10 {main}
CRITICAL - 2022-03-30 15:31:12 --> Undefined variable $message
#0 C:\xampp\htdocs\Codeigniter Projects\sales-management\app\Views\auth\signin.php(22): CodeIgniter\Debug\Exceptions->errorHandler(2, 'Undefined varia...', 'C:\\xampp\\htdocs...', 22)
#1 C:\xampp\htdocs\Codeigniter Projects\sales-management\system\View\View.php(214): include('C:\\xampp\\htdocs...')
#2 C:\xampp\htdocs\Codeigniter Projects\sales-management\system\View\View.php(217): CodeIgniter\View\View->CodeIgniter\View\{closure}()
#3 C:\xampp\htdocs\Codeigniter Projects\sales-management\system\Common.php(1097): CodeIgniter\View\View->render('auth/signin', Array, true)
#4 C:\xampp\htdocs\Codeigniter Projects\sales-management\app\Controllers\Home.php(9): view('auth/signin')
#5 C:\xampp\htdocs\Codeigniter Projects\sales-management\system\CodeIgniter.php(824): App\Controllers\Home->index()
#6 C:\xampp\htdocs\Codeigniter Projects\sales-management\system\CodeIgniter.php(410): CodeIgniter\CodeIgniter->runController(Object(App\Controllers\Home))
#7 C:\xampp\htdocs\Codeigniter Projects\sales-management\system\CodeIgniter.php(318): CodeIgniter\CodeIgniter->handleRequest(NULL, Object(Config\Cache), false)
#8 C:\xampp\htdocs\Codeigniter Projects\sales-management\public\index.php(37): CodeIgniter\CodeIgniter->run()
#9 C:\xampp\htdocs\Codeigniter Projects\sales-management\system\Commands\Server\rewrite.php(43): require_once('C:\\xampp\\htdocs...')
#10 {main}
CRITICAL - 2022-03-30 15:33:14 --> Undefined variable $message
#0 C:\xampp\htdocs\Codeigniter Projects\sales-management\app\Views\auth\signin.php(22): CodeIgniter\Debug\Exceptions->errorHandler(2, 'Undefined varia...', 'C:\\xampp\\htdocs...', 22)
#1 C:\xampp\htdocs\Codeigniter Projects\sales-management\system\View\View.php(214): include('C:\\xampp\\htdocs...')
#2 C:\xampp\htdocs\Codeigniter Projects\sales-management\system\View\View.php(217): CodeIgniter\View\View->CodeIgniter\View\{closure}()
#3 C:\xampp\htdocs\Codeigniter Projects\sales-management\system\Common.php(1097): CodeIgniter\View\View->render('auth/signin', Array, true)
#4 C:\xampp\htdocs\Codeigniter Projects\sales-management\app\Controllers\Home.php(9): view('auth/signin')
#5 C:\xampp\htdocs\Codeigniter Projects\sales-management\system\CodeIgniter.php(824): App\Controllers\Home->index()
#6 C:\xampp\htdocs\Codeigniter Projects\sales-management\system\CodeIgniter.php(410): CodeIgniter\CodeIgniter->runController(Object(App\Controllers\Home))
#7 C:\xampp\htdocs\Codeigniter Projects\sales-management\system\CodeIgniter.php(318): CodeIgniter\CodeIgniter->handleRequest(NULL, Object(Config\Cache), false)
#8 C:\xampp\htdocs\Codeigniter Projects\sales-management\public\index.php(37): CodeIgniter\CodeIgniter->run()
#9 C:\xampp\htdocs\Codeigniter Projects\sales-management\system\Commands\Server\rewrite.php(43): require_once('C:\\xampp\\htdocs...')
#10 {main}
CRITICAL - 2022-03-30 15:33:14 --> Undefined variable $message
#0 C:\xampp\htdocs\Codeigniter Projects\sales-management\app\Views\auth\signin.php(22): CodeIgniter\Debug\Exceptions->errorHandler(2, 'Undefined varia...', 'C:\\xampp\\htdocs...', 22)
#1 C:\xampp\htdocs\Codeigniter Projects\sales-management\system\View\View.php(214): include('C:\\xampp\\htdocs...')
#2 C:\xampp\htdocs\Codeigniter Projects\sales-management\system\View\View.php(217): CodeIgniter\View\View->CodeIgniter\View\{closure}()
#3 C:\xampp\htdocs\Codeigniter Projects\sales-management\system\Common.php(1097): CodeIgniter\View\View->render('auth/signin', Array, true)
#4 C:\xampp\htdocs\Codeigniter Projects\sales-management\app\Controllers\Home.php(9): view('auth/signin')
#5 C:\xampp\htdocs\Codeigniter Projects\sales-management\system\CodeIgniter.php(824): App\Controllers\Home->index()
#6 C:\xampp\htdocs\Codeigniter Projects\sales-management\system\CodeIgniter.php(410): CodeIgniter\CodeIgniter->runController(Object(App\Controllers\Home))
#7 C:\xampp\htdocs\Codeigniter Projects\sales-management\system\CodeIgniter.php(318): CodeIgniter\CodeIgniter->handleRequest(NULL, Object(Config\Cache), false)
#8 C:\xampp\htdocs\Codeigniter Projects\sales-management\public\index.php(37): CodeIgniter\CodeIgniter->run()
#9 C:\xampp\htdocs\Codeigniter Projects\sales-management\system\Commands\Server\rewrite.php(43): require_once('C:\\xampp\\htdocs...')
#10 {main}
CRITICAL - 2022-03-30 15:33:15 --> Undefined variable $message
#0 C:\xampp\htdocs\Codeigniter Projects\sales-management\app\Views\auth\signin.php(22): CodeIgniter\Debug\Exceptions->errorHandler(2, 'Undefined varia...', 'C:\\xampp\\htdocs...', 22)
#1 C:\xampp\htdocs\Codeigniter Projects\sales-management\system\View\View.php(214): include('C:\\xampp\\htdocs...')
#2 C:\xampp\htdocs\Codeigniter Projects\sales-management\system\View\View.php(217): CodeIgniter\View\View->CodeIgniter\View\{closure}()
#3 C:\xampp\htdocs\Codeigniter Projects\sales-management\system\Common.php(1097): CodeIgniter\View\View->render('auth/signin', Array, true)
#4 C:\xampp\htdocs\Codeigniter Projects\sales-management\app\Controllers\Home.php(9): view('auth/signin')
#5 C:\xampp\htdocs\Codeigniter Projects\sales-management\system\CodeIgniter.php(824): App\Controllers\Home->index()
#6 C:\xampp\htdocs\Codeigniter Projects\sales-management\system\CodeIgniter.php(410): CodeIgniter\CodeIgniter->runController(Object(App\Controllers\Home))
#7 C:\xampp\htdocs\Codeigniter Projects\sales-management\system\CodeIgniter.php(318): CodeIgniter\CodeIgniter->handleRequest(NULL, Object(Config\Cache), false)
#8 C:\xampp\htdocs\Codeigniter Projects\sales-management\public\index.php(37): CodeIgniter\CodeIgniter->run()
#9 C:\xampp\htdocs\Codeigniter Projects\sales-management\system\Commands\Server\rewrite.php(43): require_once('C:\\xampp\\htdocs...')
#10 {main}
CRITICAL - 2022-03-30 15:35:01 --> Undefined variable $message
#0 C:\xampp\htdocs\Codeigniter Projects\sales-management\app\Views\auth\signin.php(22): CodeIgniter\Debug\Exceptions->errorHandler(2, 'Undefined varia...', 'C:\\xampp\\htdocs...', 22)
#1 C:\xampp\htdocs\Codeigniter Projects\sales-management\system\View\View.php(214): include('C:\\xampp\\htdocs...')
#2 C:\xampp\htdocs\Codeigniter Projects\sales-management\system\View\View.php(217): CodeIgniter\View\View->CodeIgniter\View\{closure}()
#3 C:\xampp\htdocs\Codeigniter Projects\sales-management\system\Common.php(1097): CodeIgniter\View\View->render('auth/signin', Array, true)
#4 C:\xampp\htdocs\Codeigniter Projects\sales-management\app\Controllers\Home.php(9): view('auth/signin')
#5 C:\xampp\htdocs\Codeigniter Projects\sales-management\system\CodeIgniter.php(824): App\Controllers\Home->index()
#6 C:\xampp\htdocs\Codeigniter Projects\sales-management\system\CodeIgniter.php(410): CodeIgniter\CodeIgniter->runController(Object(App\Controllers\Home))
#7 C:\xampp\htdocs\Codeigniter Projects\sales-management\system\CodeIgniter.php(318): CodeIgniter\CodeIgniter->handleRequest(NULL, Object(Config\Cache), false)
#8 C:\xampp\htdocs\Codeigniter Projects\sales-management\public\index.php(37): CodeIgniter\CodeIgniter->run()
#9 C:\xampp\htdocs\Codeigniter Projects\sales-management\system\Commands\Server\rewrite.php(43): require_once('C:\\xampp\\htdocs...')
#10 {main}
CRITICAL - 2022-03-30 16:24:28 --> Call to undefined method App\Models\Categories::get_options
#0 C:\xampp\htdocs\Codeigniter Projects\sales-management\app\Controllers\Dashboard.php(17): CodeIgniter\Model->__call('get_options', Array)
#1 C:\xampp\htdocs\Codeigniter Projects\sales-management\system\CodeIgniter.php(824): App\Controllers\Dashboard->index()
#2 C:\xampp\htdocs\Codeigniter Projects\sales-management\system\CodeIgniter.php(410): CodeIgniter\CodeIgniter->runController(Object(App\Controllers\Dashboard))
#3 C:\xampp\htdocs\Codeigniter Projects\sales-management\system\CodeIgniter.php(318): CodeIgniter\CodeIgniter->handleRequest(NULL, Object(Config\Cache), false)
#4 C:\xampp\htdocs\Codeigniter Projects\sales-management\public\index.php(37): CodeIgniter\CodeIgniter->run()
#5 C:\xampp\htdocs\Codeigniter Projects\sales-management\system\Commands\Server\rewrite.php(43): require_once('C:\\xampp\\htdocs...')
#6 {main}
ERROR - 2022-03-30 16:24:52 --> Unknown column 'categories.deleted_at' in 'where clause'
CRITICAL - 2022-03-30 16:24:52 --> Unknown column 'categories.deleted_at' in 'where clause'
#0 C:\xampp\htdocs\Codeigniter Projects\sales-management\system\Database\MySQLi\Connection.php(292): mysqli->query('SELECT *\nFROM `...', 0)
#1 C:\xampp\htdocs\Codeigniter Projects\sales-management\system\Database\BaseConnection.php(670): CodeIgniter\Database\MySQLi\Connection->execute('SELECT *\nFROM `...')
#2 C:\xampp\htdocs\Codeigniter Projects\sales-management\system\Database\BaseConnection.php(598): CodeIgniter\Database\BaseConnection->simpleQuery('SELECT *\nFROM `...')
#3 C:\xampp\htdocs\Codeigniter Projects\sales-management\system\Database\BaseBuilder.php(1443): CodeIgniter\Database\BaseConnection->query('SELECT *\nFROM `...', Array, false)
#4 C:\xampp\htdocs\Codeigniter Projects\sales-management\system\Model.php(183): CodeIgniter\Database\BaseBuilder->get()
#5 C:\xampp\htdocs\Codeigniter Projects\sales-management\system\BaseModel.php(584): CodeIgniter\Model->doFindAll(0, 0)
#6 C:\xampp\htdocs\Codeigniter Projects\sales-management\app\Models\Categories.php(44): CodeIgniter\BaseModel->findAll()
#7 C:\xampp\htdocs\Codeigniter Projects\sales-management\app\Controllers\Dashboard.php(17): App\Models\Categories->get_categories()
#8 C:\xampp\htdocs\Codeigniter Projects\sales-management\system\CodeIgniter.php(824): App\Controllers\Dashboard->index()
#9 C:\xampp\htdocs\Codeigniter Projects\sales-management\system\CodeIgniter.php(410): CodeIgniter\CodeIgniter->runController(Object(App\Controllers\Dashboard))
#10 C:\xampp\htdocs\Codeigniter Projects\sales-management\system\CodeIgniter.php(318): CodeIgniter\CodeIgniter->handleRequest(NULL, Object(Config\Cache), false)
#11 C:\xampp\htdocs\Codeigniter Projects\sales-management\public\index.php(37): CodeIgniter\CodeIgniter->run()
#12 C:\xampp\htdocs\Codeigniter Projects\sales-management\system\Commands\Server\rewrite.php(43): require_once('C:\\xampp\\htdocs...')
#13 {main}
ERROR - 2022-03-30 16:25:44 --> Unknown column 'categories.deleted_at' in 'where clause'
CRITICAL - 2022-03-30 16:25:44 --> Unknown column 'categories.deleted_at' in 'where clause'
#0 C:\xampp\htdocs\Codeigniter Projects\sales-management\system\Database\MySQLi\Connection.php(292): mysqli->query('SELECT *\nFROM `...', 0)
#1 C:\xampp\htdocs\Codeigniter Projects\sales-management\system\Database\BaseConnection.php(670): CodeIgniter\Database\MySQLi\Connection->execute('SELECT *\nFROM `...')
#2 C:\xampp\htdocs\Codeigniter Projects\sales-management\system\Database\BaseConnection.php(598): CodeIgniter\Database\BaseConnection->simpleQuery('SELECT *\nFROM `...')
#3 C:\xampp\htdocs\Codeigniter Projects\sales-management\system\Database\BaseBuilder.php(1443): CodeIgniter\Database\BaseConnection->query('SELECT *\nFROM `...', Array, false)
#4 C:\xampp\htdocs\Codeigniter Projects\sales-management\system\Model.php(183): CodeIgniter\Database\BaseBuilder->get()
#5 C:\xampp\htdocs\Codeigniter Projects\sales-management\system\BaseModel.php(584): CodeIgniter\Model->doFindAll(0, 0)
#6 C:\xampp\htdocs\Codeigniter Projects\sales-management\app\Models\Categories.php(44): CodeIgniter\BaseModel->findAll()
#7 C:\xampp\htdocs\Codeigniter Projects\sales-management\app\Controllers\Dashboard.php(17): App\Models\Categories->get_categories()
#8 C:\xampp\htdocs\Codeigniter Projects\sales-management\system\CodeIgniter.php(824): App\Controllers\Dashboard->index()
#9 C:\xampp\htdocs\Codeigniter Projects\sales-management\system\CodeIgniter.php(410): CodeIgniter\CodeIgniter->runController(Object(App\Controllers\Dashboard))
#10 C:\xampp\htdocs\Codeigniter Projects\sales-management\system\CodeIgniter.php(318): CodeIgniter\CodeIgniter->handleRequest(NULL, Object(Config\Cache), false)
#11 C:\xampp\htdocs\Codeigniter Projects\sales-management\public\index.php(37): CodeIgniter\CodeIgniter->run()
#12 C:\xampp\htdocs\Codeigniter Projects\sales-management\system\Commands\Server\rewrite.php(43): require_once('C:\\xampp\\htdocs...')
#13 {main}
ERROR - 2022-03-30 16:25:44 --> Unknown column 'categories.deleted_at' in 'where clause'
CRITICAL - 2022-03-30 16:25:44 --> Unknown column 'categories.deleted_at' in 'where clause'
#0 C:\xampp\htdocs\Codeigniter Projects\sales-management\system\Database\MySQLi\Connection.php(292): mysqli->query('SELECT *\nFROM `...', 0)
#1 C:\xampp\htdocs\Codeigniter Projects\sales-management\system\Database\BaseConnection.php(670): CodeIgniter\Database\MySQLi\Connection->execute('SELECT *\nFROM `...')
#2 C:\xampp\htdocs\Codeigniter Projects\sales-management\system\Database\BaseConnection.php(598): CodeIgniter\Database\BaseConnection->simpleQuery('SELECT *\nFROM `...')
#3 C:\xampp\htdocs\Codeigniter Projects\sales-management\system\Database\BaseBuilder.php(1443): CodeIgniter\Database\BaseConnection->query('SELECT *\nFROM `...', Array, false)
#4 C:\xampp\htdocs\Codeigniter Projects\sales-management\system\Model.php(183): CodeIgniter\Database\BaseBuilder->get()
#5 C:\xampp\htdocs\Codeigniter Projects\sales-management\system\BaseModel.php(584): CodeIgniter\Model->doFindAll(0, 0)
#6 C:\xampp\htdocs\Codeigniter Projects\sales-management\app\Models\Categories.php(44): CodeIgniter\BaseModel->findAll()
#7 C:\xampp\htdocs\Codeigniter Projects\sales-management\app\Controllers\Dashboard.php(17): App\Models\Categories->get_categories()
#8 C:\xampp\htdocs\Codeigniter Projects\sales-management\system\CodeIgniter.php(824): App\Controllers\Dashboard->index()
#9 C:\xampp\htdocs\Codeigniter Projects\sales-management\system\CodeIgniter.php(410): CodeIgniter\CodeIgniter->runController(Object(App\Controllers\Dashboard))
#10 C:\xampp\htdocs\Codeigniter Projects\sales-management\system\CodeIgniter.php(318): CodeIgniter\CodeIgniter->handleRequest(NULL, Object(Config\Cache), false)
#11 C:\xampp\htdocs\Codeigniter Projects\sales-management\public\index.php(37): CodeIgniter\CodeIgniter->run()
#12 C:\xampp\htdocs\Codeigniter Projects\sales-management\system\Commands\Server\rewrite.php(43): require_once('C:\\xampp\\htdocs...')
#13 {main}
ERROR - 2022-03-30 16:25:48 --> Unknown column 'categories.deleted_at' in 'where clause'
CRITICAL - 2022-03-30 16:25:48 --> Unknown column 'categories.deleted_at' in 'where clause'
#0 C:\xampp\htdocs\Codeigniter Projects\sales-management\system\Database\MySQLi\Connection.php(292): mysqli->query('SELECT *\nFROM `...', 0)
#1 C:\xampp\htdocs\Codeigniter Projects\sales-management\system\Database\BaseConnection.php(670): CodeIgniter\Database\MySQLi\Connection->execute('SELECT *\nFROM `...')
#2 C:\xampp\htdocs\Codeigniter Projects\sales-management\system\Database\BaseConnection.php(598): CodeIgniter\Database\BaseConnection->simpleQuery('SELECT *\nFROM `...')
#3 C:\xampp\htdocs\Codeigniter Projects\sales-management\system\Database\BaseBuilder.php(1443): CodeIgniter\Database\BaseConnection->query('SELECT *\nFROM `...', Array, false)
#4 C:\xampp\htdocs\Codeigniter Projects\sales-management\system\Model.php(183): CodeIgniter\Database\BaseBuilder->get()
#5 C:\xampp\htdocs\Codeigniter Projects\sales-management\system\BaseModel.php(584): CodeIgniter\Model->doFindAll(0, 0)
#6 C:\xampp\htdocs\Codeigniter Projects\sales-management\app\Models\Categories.php(44): CodeIgniter\BaseModel->findAll()
#7 C:\xampp\htdocs\Codeigniter Projects\sales-management\app\Controllers\Dashboard.php(17): App\Models\Categories->get_categories()
#8 C:\xampp\htdocs\Codeigniter Projects\sales-management\system\CodeIgniter.php(824): App\Controllers\Dashboard->index()
#9 C:\xampp\htdocs\Codeigniter Projects\sales-management\system\CodeIgniter.php(410): CodeIgniter\CodeIgniter->runController(Object(App\Controllers\Dashboard))
#10 C:\xampp\htdocs\Codeigniter Projects\sales-management\system\CodeIgniter.php(318): CodeIgniter\CodeIgniter->handleRequest(NULL, Object(Config\Cache), false)
#11 C:\xampp\htdocs\Codeigniter Projects\sales-management\public\index.php(37): CodeIgniter\CodeIgniter->run()
#12 C:\xampp\htdocs\Codeigniter Projects\sales-management\system\Commands\Server\rewrite.php(43): require_once('C:\\xampp\\htdocs...')
#13 {main}
