CRITICAL - 2022-04-02 14:42:09 --> Undefined variable $income
#0 C:\xampp\htdocs\Codeigniter Projects\sales-management\app\Views\index.php(85): CodeIgniter\Debug\Exceptions->errorHandler(2, 'Undefined varia...', 'C:\\xampp\\htdocs...', 85)
#1 C:\xampp\htdocs\Codeigniter Projects\sales-management\system\View\View.php(214): include('C:\\xampp\\htdocs...')
#2 C:\xampp\htdocs\Codeigniter Projects\sales-management\system\View\View.php(217): CodeIgniter\View\View->CodeIgniter\View\{closure}()
#3 C:\xampp\htdocs\Codeigniter Projects\sales-management\system\Common.php(1097): CodeIgniter\View\View->render('index', Array, true)
#4 C:\xampp\htdocs\Codeigniter Projects\sales-management\app\Controllers\Dashboard.php(19): view('index', Array)
#5 C:\xampp\htdocs\Codeigniter Projects\sales-management\system\CodeIgniter.php(824): App\Controllers\Dashboard->index()
#6 C:\xampp\htdocs\Codeigniter Projects\sales-management\system\CodeIgniter.php(410): CodeIgniter\CodeIgniter->runController(Object(App\Controllers\Dashboard))
#7 C:\xampp\htdocs\Codeigniter Projects\sales-management\system\CodeIgniter.php(318): CodeIgniter\CodeIgniter->handleRequest(NULL, Object(Config\Cache), false)
#8 C:\xampp\htdocs\Codeigniter Projects\sales-management\public\index.php(37): CodeIgniter\CodeIgniter->run()
#9 C:\xampp\htdocs\Codeigniter Projects\sales-management\system\Commands\Server\rewrite.php(43): require_once('C:\\xampp\\htdocs...')
#10 {main}
CRITICAL - 2022-04-02 14:42:35 --> Undefined variable $income
#0 C:\xampp\htdocs\Codeigniter Projects\sales-management\app\Views\index.php(85): CodeIgniter\Debug\Exceptions->errorHandler(2, 'Undefined varia...', 'C:\\xampp\\htdocs...', 85)
#1 C:\xampp\htdocs\Codeigniter Projects\sales-management\system\View\View.php(214): include('C:\\xampp\\htdocs...')
#2 C:\xampp\htdocs\Codeigniter Projects\sales-management\system\View\View.php(217): CodeIgniter\View\View->CodeIgniter\View\{closure}()
#3 C:\xampp\htdocs\Codeigniter Projects\sales-management\system\Common.php(1097): CodeIgniter\View\View->render('index', Array, true)
#4 C:\xampp\htdocs\Codeigniter Projects\sales-management\app\Controllers\Dashboard.php(19): view('index', Array)
#5 C:\xampp\htdocs\Codeigniter Projects\sales-management\system\CodeIgniter.php(824): App\Controllers\Dashboard->index()
#6 C:\xampp\htdocs\Codeigniter Projects\sales-management\system\CodeIgniter.php(410): CodeIgniter\CodeIgniter->runController(Object(App\Controllers\Dashboard))
#7 C:\xampp\htdocs\Codeigniter Projects\sales-management\system\CodeIgniter.php(318): CodeIgniter\CodeIgniter->handleRequest(NULL, Object(Config\Cache), false)
#8 C:\xampp\htdocs\Codeigniter Projects\sales-management\public\index.php(37): CodeIgniter\CodeIgniter->run()
#9 C:\xampp\htdocs\Codeigniter Projects\sales-management\system\Commands\Server\rewrite.php(43): require_once('C:\\xampp\\htdocs...')
#10 {main}
CRITICAL - 2022-04-02 17:15:33 --> Undefined variable $message
#0 C:\xampp\htdocs\Codeigniter Projects\sales-management\app\Views\auth\forgotpassword.php(74): CodeIgniter\Debug\Exceptions->errorHandler(2, 'Undefined varia...', 'C:\\xampp\\htdocs...', 74)
#1 C:\xampp\htdocs\Codeigniter Projects\sales-management\system\View\View.php(214): include('C:\\xampp\\htdocs...')
#2 C:\xampp\htdocs\Codeigniter Projects\sales-management\system\View\View.php(217): CodeIgniter\View\View->CodeIgniter\View\{closure}()
#3 C:\xampp\htdocs\Codeigniter Projects\sales-management\system\Common.php(1097): CodeIgniter\View\View->render('auth/forgotpass...', Array, true)
#4 C:\xampp\htdocs\Codeigniter Projects\sales-management\app\Controllers\Auth.php(83): view('auth/forgotpass...')
#5 C:\xampp\htdocs\Codeigniter Projects\sales-management\system\CodeIgniter.php(824): App\Controllers\Auth->forgotpassword()
#6 C:\xampp\htdocs\Codeigniter Projects\sales-management\system\CodeIgniter.php(410): CodeIgniter\CodeIgniter->runController(Object(App\Controllers\Auth))
#7 C:\xampp\htdocs\Codeigniter Projects\sales-management\system\CodeIgniter.php(318): CodeIgniter\CodeIgniter->handleRequest(NULL, Object(Config\Cache), false)
#8 C:\xampp\htdocs\Codeigniter Projects\sales-management\public\index.php(37): CodeIgniter\CodeIgniter->run()
#9 C:\xampp\htdocs\Codeigniter Projects\sales-management\system\Commands\Server\rewrite.php(43): require_once('C:\\xampp\\htdocs...')
#10 {main}
